0 info it worked if it ends with ok
1 verbose cli [ 'C:\\Program Files\\nodejs\\\\node.exe',
1 verbose cli   'C:\\Program Files\\nodejs\\node_modules\\npm\\bin\\npm-cli.js',
1 verbose cli   'install',
1 verbose cli   'forego' ]
2 info using npm@1.4.9
3 info using node@v0.10.28
4 verbose node symlink C:\Program Files\nodejs\\node.exe
5 verbose readDependencies using package.json deps
6 verbose cache add [ 'forego', null ]
7 verbose cache add name=undefined spec="forego" args=["forego",null]
8 verbose parsed url { protocol: null,
8 verbose parsed url   slashes: null,
8 verbose parsed url   auth: null,
8 verbose parsed url   host: null,
8 verbose parsed url   port: null,
8 verbose parsed url   hostname: null,
8 verbose parsed url   hash: null,
8 verbose parsed url   search: null,
8 verbose parsed url   query: null,
8 verbose parsed url   pathname: 'forego',
8 verbose parsed url   path: 'forego',
8 verbose parsed url   href: 'forego' }
9 silly lockFile e7fd44a7-forego forego
10 verbose lock forego C:\Users\Josep\AppData\Roaming\npm-cache\e7fd44a7-forego.lock
11 silly lockFile e7fd44a7-forego forego
12 silly lockFile e7fd44a7-forego forego
13 verbose addNamed [ 'forego', '' ]
14 verbose addNamed [ null, '*' ]
15 silly lockFile b2389992-forego forego@
16 verbose lock forego@ C:\Users\Josep\AppData\Roaming\npm-cache\b2389992-forego.lock
17 silly addNameRange { name: 'forego', range: '*', hasData: false }
18 verbose url raw forego
19 verbose url resolving [ 'https://registry.npmjs.org/', './forego' ]
20 verbose url resolved https://registry.npmjs.org/forego
21 info trying registry request attempt 1 at 11:13:36
22 http GET https://registry.npmjs.org/forego
23 http 404 https://registry.npmjs.org/forego
24 verbose headers { date: 'Tue, 05 Aug 2014 09:13:22 GMT',
24 verbose headers   server: 'CouchDB/1.5.0 (Erlang OTP/R14B04)',
24 verbose headers   'content-type': 'application/json',
24 verbose headers   'cache-control': 'max-age=0',
24 verbose headers   'content-length': '52',
24 verbose headers   'accept-ranges': 'bytes',
24 verbose headers   via: '1.1 varnish',
24 verbose headers   age: '0',
24 verbose headers   'x-served-by': 'cache-ams4122-AMS',
24 verbose headers   'x-cache': 'MISS',
24 verbose headers   'x-cache-hits': '0',
24 verbose headers   'x-timer': 'S1407230002.883815,VS0,VE109',
24 verbose headers   'keep-alive': 'timeout=10, max=50',
24 verbose headers   connection: 'Keep-Alive' }
25 silly registry.get cb [ 404,
25 silly registry.get   { date: 'Tue, 05 Aug 2014 09:13:22 GMT',
25 silly registry.get     server: 'CouchDB/1.5.0 (Erlang OTP/R14B04)',
25 silly registry.get     'content-type': 'application/json',
25 silly registry.get     'cache-control': 'max-age=0',
25 silly registry.get     'content-length': '52',
25 silly registry.get     'accept-ranges': 'bytes',
25 silly registry.get     via: '1.1 varnish',
25 silly registry.get     age: '0',
25 silly registry.get     'x-served-by': 'cache-ams4122-AMS',
25 silly registry.get     'x-cache': 'MISS',
25 silly registry.get     'x-cache-hits': '0',
25 silly registry.get     'x-timer': 'S1407230002.883815,VS0,VE109',
25 silly registry.get     'keep-alive': 'timeout=10, max=50',
25 silly registry.get     connection: 'Keep-Alive' } ]
26 silly lockFile b2389992-forego forego@
27 silly lockFile b2389992-forego forego@
28 error 404 404 Not Found: forego
28 error 404
28 error 404 'forego' is not in the npm registry.
28 error 404 You should bug the author to publish it
28 error 404 It was specified as a dependency of 'node-js-getting-started'
28 error 404
28 error 404 Note that you can also install from a
28 error 404 tarball, folder, or http url, or git url.
29 error System Windows_NT 6.2.9200
30 error command "C:\\Program Files\\nodejs\\\\node.exe" "C:\\Program Files\\nodejs\\node_modules\\npm\\bin\\npm-cli.js" "install" "forego"
31 error cwd C:\WWWNodeJs\node-js-getting-started
32 error node -v v0.10.28
33 error npm -v 1.4.9
34 error code E404
35 verbose exit [ 1, true ]
